<?xml version="1.0" encoding="UTF-8"?>
<testsuite name="Tests" tests="1" skipped="0" failures="0" errors="0" timestamp="2023-12-27T08:15:14" hostname="Ahmads-MacBook-Air.local" time="0.185">
  <properties/>
  <testcase name="start" classname="Tests" time="0.185"/>
  <system-out><![CDATA[?[1;31m
Start test 1?[0m
> /route "Waterloo & City line" "Waterloo" "Waterloo & City line" "Bank"
Waterloo
Bank
?[1;31m
Start test 2?[0m
> /route "Victoria line" "Victoria" "Northern line" "Oval"
Victoria
Pimlico
Vauxhall
Stockwell
Transition to line Northern line
Stockwell
Oval
?[1;31m
Start test 3?[0m
> /route "Victoria line" "Green Park" "Northern line" "Oval"
Green Park
Transition to line Jubilee line
Green Park
Westminster
Waterloo
Transition to line Northern line
Waterloo
Kennington
Oval
?[1;31m
Start test 4?[0m
> /route "Piccadilly line" "Heathrow Terminal 5" "Piccadilly line" "Hounslow West"
Heathrow Terminal 5
Heathrow Terminals 1-2-3
Hatton Cross
Hounslow West
?[1;31m
Start test 5?[0m
> /route "Piccadilly line" "Hatton Cross" "Piccadilly line" "Heathrow Terminal 4"
Hatton Cross
Heathrow Terminal 4
?[1;31m
Start test 6?[0m
> /fastest-route "District line" "Richmond" "District line" "Gunnersbury"
Richmond
Kew Gardens
Gunnersbury
Total: 12 minutes in the way
?[1;31m
Start test 7?[0m
> /fastest-route "Victoria line" "Brixton" "Northern line" "Angel"
Brixton
Stockwell
Transition to line Northern line
Stockwell
Oval
Kennington
Waterloo
Transition to line Waterloo & City line
Waterloo
Bank
Transition to line Northern line
Bank
Moorgate
Old Street
Angel
Total: 47 minutes in the way
]]></system-out>
  <system-err><![CDATA[]]></system-err>
</testsuite>
